# JRE version: OpenJDK Runtime Environment (8.0_242-b01) (build 1.8.0_242-release-1644-b01)
# Java VM: OpenJDK 64-Bit Server VM (25.242-b01 mixed mode windows-amd64 compressed oops)
Heap:
 PSYoungGen      total 139776K, used 50553K [0x00000000d5580000, 0x00000000df400000, 0x0000000100000000)
  eden space 120320K, 32% used [0x00000000d5580000,0x00000000d7b7d1e8,0x00000000dcb00000)
  from space 19456K, 59% used [0x00000000dcb00000,0x00000000dd661528,0x00000000dde00000)
  to   space 15872K, 0% used [0x00000000dde00000,0x00000000dde00000,0x00000000ded80000)
 ParOldGen       total 97792K, used 36342K [0x0000000080000000, 0x0000000085f80000, 0x00000000d5580000)
  object space 97792K, 37% used [0x0000000080000000,0x000000008237d8f0,0x0000000085f80000)
 Metaspace       used 66151K, capacity 68736K, committed 68888K, reserved 1107968K
  class space    used 9134K, capacity 9691K, committed 9776K, reserved 1048576K
GC Heap History (10 events):
Event: 27.503 GC heap before
{Heap before GC invocations=10 (full 2):
 PSYoungGen      total 116736K, used 104960K [0x00000000d5580000, 0x00000000dd680000, 0x0000000100000000)
  eden space 104960K, 100% used [0x00000000d5580000,0x00000000dbc00000,0x00000000dbc00000)
  from space 11776K, 0% used [0x00000000dbc00000,0x00000000dbc00000,0x00000000dc780000)
  to   space 11776K, 0% used [0x00000000dc780000,0x00000000dc780000,0x00000000dd300000)
 ParOldGen       total 97792K, used 17640K [0x0000000080000000, 0x0000000085f80000, 0x00000000d5580000)
  object space 97792K, 18% used [0x0000000080000000,0x000000008113a130,0x0000000085f80000)
 Metaspace       used 40662K, capacity 42234K, committed 42416K, reserved 1085440K
  class space    used 5606K, capacity 5984K, committed 6064K, reserved 1048576K
Event: 27.513 GC heap after
Heap after GC invocations=10 (full 2):
 PSYoungGen      total 116224K, used 10205K [0x00000000d5580000, 0x00000000df480000, 0x0000000100000000)
  eden space 104448K, 0% used [0x00000000d5580000,0x00000000d5580000,0x00000000dbb80000)
  from space 11776K, 86% used [0x00000000dc780000,0x00000000dd177420,0x00000000dd300000)
  to   space 12288K, 0% used [0x00000000dbb80000,0x00000000dbb80000,0x00000000dc780000)
 ParOldGen       total 97792K, used 17648K [0x0000000080000000, 0x0000000085f80000, 0x00000000d5580000)
  object space 97792K, 18% used [0x0000000080000000,0x000000008113c130,0x0000000085f80000)
 Metaspace       used 40662K, capacity 42234K, committed 42416K, reserved 1085440K
  class space    used 5606K, capacity 5984K, committed 6064K, reserved 1048576K
}
Event: 30.524 GC heap before
{Heap before GC invocations=11 (full 2):
 PSYoungGen      total 116224K, used 114653K [0x00000000d5580000, 0x00000000df480000, 0x0000000100000000)
  eden space 104448K, 100% used [0x00000000d5580000,0x00000000dbb80000,0x00000000dbb80000)
  from space 11776K, 86% used [0x00000000dc780000,0x00000000dd177420,0x00000000dd300000)
  to   space 12288K, 0% used [0x00000000dbb80000,0x00000000dbb80000,0x00000000dc780000)
 ParOldGen       total 97792K, used 17648K [0x0000000080000000, 0x0000000085f80000, 0x00000000d5580000)
  object space 97792K, 18% used [0x0000000080000000,0x000000008113c130,0x0000000085f80000)
 Metaspace       used 50427K, capacity 52278K, committed 52528K, reserved 1095680K
  class space    used 6758K, capacity 7169K, committed 7216K, reserved 1048576K
Event: 30.546 GC heap after
Heap after GC invocations=11 (full 2):
 PSYoungGen      total 116736K, used 12284K [0x00000000d5580000, 0x00000000ded80000, 0x0000000100000000)
  eden space 104448K, 0% used [0x00000000d5580000,0x00000000d5580000,0x00000000dbb80000)
  from space 12288K, 99% used [0x00000000dbb80000,0x00000000dc77f320,0x00000000dc780000)
  to   space 15872K, 0% used [0x00000000dde00000,0x00000000dde00000,0x00000000ded80000)
 ParOldGen       total 97792K, used 24027K [0x0000000080000000, 0x0000000085f80000, 0x00000000d5580000)
  object space 97792K, 24% used [0x0000000080000000,0x0000000081776c58,0x0000000085f80000)
 Metaspace       used 50427K, capacity 52278K, committed 52528K, reserved 1095680K
  class space    used 6758K, capacity 7169K, committed 7216K, reserved 1048576K
}
Event: 33.742 GC heap before
{Heap before GC invocations=12 (full 2):
 PSYoungGen      total 116736K, used 113012K [0x00000000d5580000, 0x00000000ded80000, 0x0000000100000000)
  eden space 104448K, 96% used [0x00000000d5580000,0x00000000db7ddde8,0x00000000dbb80000)
  from space 12288K, 99% used [0x00000000dbb80000,0x00000000dc77f320,0x00000000dc780000)
  to   space 15872K, 0% used [0x00000000dde00000,0x00000000dde00000,0x00000000ded80000)
 ParOldGen       total 97792K, used 24027K [0x0000000080000000, 0x0000000085f80000, 0x00000000d5580000)
  object space 97792K, 24% used [0x0000000080000000,0x0000000081776c58,0x0000000085f80000)
 Metaspace       used 57016K, capacity 59094K, committed 59160K, reserved 1099776K
  class space    used 7756K, capacity 8216K, committed 8240K, reserved 1048576K
Event: 33.765 GC heap after
Heap after GC invocations=12 (full 2):
 PSYoungGen      total 136192K, used 15868K [0x00000000d5580000, 0x00000000df400000, 0x0000000100000000)
  eden space 120320K, 0% used [0x00000000d5580000,0x00000000d5580000,0x00000000dcb00000)
  from space 15872K, 99% used [0x00000000dde00000,0x00000000ded7f320,0x00000000ded80000)
  to   space 19456K, 0% used [0x00000000dcb00000,0x00000000dcb00000,0x00000000dde00000)
 ParOldGen       total 97792K, used 29407K [0x0000000080000000, 0x0000000085f80000, 0x00000000d5580000)
  object space 97792K, 30% used [0x0000000080000000,0x0000000081cb7c10,0x0000000085f80000)
 Metaspace       used 57016K, capacity 59094K, committed 59160K, reserved 1099776K
  class space    used 7756K, capacity 8216K, committed 8240K, reserved 1048576K
}
Event: 33.765 GC heap before
{Heap before GC invocations=13 (full 3):
 PSYoungGen      total 136192K, used 15868K [0x00000000d5580000, 0x00000000df400000, 0x0000000100000000)
  eden space 120320K, 0% used [0x00000000d5580000,0x00000000d5580000,0x00000000dcb00000)
  from space 15872K, 99% used [0x00000000dde00000,0x00000000ded7f320,0x00000000ded80000)
  to   space 19456K, 0% used [0x00000000dcb00000,0x00000000dcb00000,0x00000000dde00000)
 ParOldGen       total 97792K, used 29407K [0x0000000080000000, 0x0000000085f80000, 0x00000000d5580000)
  object space 97792K, 30% used [0x0000000080000000,0x0000000081cb7c10,0x0000000085f80000)
 Metaspace       used 57016K, capacity 59094K, committed 59160K, reserved 1099776K
  class space    used 7756K, capacity 8216K, committed 8240K, reserved 1048576K
Event: 34.214 GC heap after
Heap after GC invocations=13 (full 3):
 PSYoungGen      total 136192K, used 0K [0x00000000d5580000, 0x00000000df400000, 0x0000000100000000)
  eden space 120320K, 0% used [0x00000000d5580000,0x00000000d5580000,0x00000000dcb00000)
  from space 15872K, 0% used [0x00000000dde00000,0x00000000dde00000,0x00000000ded80000)
  to   space 19456K, 0% used [0x00000000dcb00000,0x00000000dcb00000,0x00000000dde00000)
 ParOldGen       total 97792K, used 36334K [0x0000000080000000, 0x0000000085f80000, 0x00000000d5580000)
  object space 97792K, 37% used [0x0000000080000000,0x000000008237b8f0,0x0000000085f80000)
 Metaspace       used 57002K, capacity 59046K, committed 59160K, reserved 1099776K
  class space    used 7751K, capacity 8208K, committed 8240K, reserved 1048576K
}
Event: 37.066 GC heap before
{Heap before GC invocations=14 (full 3):
 PSYoungGen      total 136192K, used 120320K [0x00000000d5580000, 0x00000000df400000, 0x0000000100000000)
  eden space 120320K, 100% used [0x00000000d5580000,0x00000000dcb00000,0x00000000dcb00000)
  from space 15872K, 0% used [0x00000000dde00000,0x00000000dde00000,0x00000000ded80000)
  to   space 19456K, 0% used [0x00000000dcb00000,0x00000000dcb00000,0x00000000dde00000)
 ParOldGen       total 97792K, used 36334K [0x0000000080000000, 0x0000000085f80000, 0x00000000d5580000)
  object space 97792K, 37% used [0x0000000080000000,0x000000008237b8f0,0x0000000085f80000)
 Metaspace       used 62877K, capacity 65320K, committed 65560K, reserved 1105920K
  class space    used 8642K, capacity 9189K, committed 9264K, reserved 1048576K
Event: 37.085 GC heap after
Heap after GC invocations=14 (full 3):
 PSYoungGen      total 139776K, used 11653K [0x00000000d5580000, 0x00000000df400000, 0x0000000100000000)
  eden space 120320K, 0% used [0x00000000d5580000,0x00000000d5580000,0x00000000dcb00000)
  from space 19456K, 59% used [0x00000000dcb00000,0x00000000dd661528,0x00000000dde00000)
  to   space 15872K, 0% used [0x00000000dde00000,0x00000000dde00000,0x00000000ded80000)
 ParOldGen       total 97792K, used 36342K [0x0000000080000000, 0x0000000085f80000, 0x00000000d5580000)
  object space 97792K, 37% used [0x0000000080000000,0x000000008237d8f0,0x0000000085f80000)
 Metaspace       used 62877K, capacity 65320K, committed 65560K, reserved 1105920K
  class space    used 8642K, capacity 9189K, committed 9264K, reserved 1048576K
}

