# JRE version: OpenJDK Runtime Environment (8.0_242-b01) (build 1.8.0_242-release-1644-b01)
# Java VM: OpenJDK 64-Bit Server VM (25.242-b01 mixed mode windows-amd64 compressed oops)
Heap:
 PSYoungGen      total 154112K, used 82690K [0x00000000d5580000, 0x00000000e0b80000, 0x0000000100000000)
  eden space 137728K, 60% used [0x00000000d5580000,0x00000000da640818,0x00000000ddc00000)
  from space 16384K, 0% used [0x00000000dfb80000,0x00000000dfb80000,0x00000000e0b80000)
  to   space 11776K, 0% used [0x00000000ddc00000,0x00000000ddc00000,0x00000000de780000)
 ParOldGen       total 108544K, used 35920K [0x0000000080000000, 0x0000000086a00000, 0x00000000d5580000)
  object space 108544K, 33% used [0x0000000080000000,0x00000000823141c0,0x0000000086a00000)
 Metaspace       used 59697K, capacity 61982K, committed 62232K, reserved 1103872K
  class space    used 8205K, capacity 8670K, committed 8744K, reserved 1048576K
GC Heap History (10 events):
Event: 23.338 GC heap before
{Heap before GC invocations=9 (full 2):
 PSYoungGen      total 105472K, used 10355K [0x00000000d5580000, 0x00000000df600000, 0x0000000100000000)
  eden space 93696K, 0% used [0x00000000d5580000,0x00000000d5580000,0x00000000db100000)
  from space 11776K, 87% used [0x00000000db100000,0x00000000dbb1ce00,0x00000000dbc80000)
  to   space 12288K, 0% used [0x00000000dea00000,0x00000000dea00000,0x00000000df600000)
 ParOldGen       total 108544K, used 7925K [0x0000000080000000, 0x0000000086a00000, 0x00000000d5580000)
  object space 108544K, 7% used [0x0000000080000000,0x00000000807bd588,0x0000000086a00000)
 Metaspace       used 34383K, capacity 35450K, committed 35496K, reserved 1079296K
  class space    used 4689K, capacity 5006K, committed 5032K, reserved 1048576K
Event: 23.493 GC heap after
Heap after GC invocations=9 (full 2):
 PSYoungGen      total 105472K, used 0K [0x00000000d5580000, 0x00000000df600000, 0x0000000100000000)
  eden space 93696K, 0% used [0x00000000d5580000,0x00000000d5580000,0x00000000db100000)
  from space 11776K, 0% used [0x00000000db100000,0x00000000db100000,0x00000000dbc80000)
  to   space 12288K, 0% used [0x00000000dea00000,0x00000000dea00000,0x00000000df600000)
 ParOldGen       total 108544K, used 17530K [0x0000000080000000, 0x0000000086a00000, 0x00000000d5580000)
  object space 108544K, 16% used [0x0000000080000000,0x000000008111eaf0,0x0000000086a00000)
 Metaspace       used 34383K, capacity 35450K, committed 35496K, reserved 1079296K
  class space    used 4689K, capacity 5006K, committed 5032K, reserved 1048576K
}
Event: 33.073 GC heap before
{Heap before GC invocations=10 (full 2):
 PSYoungGen      total 105472K, used 93696K [0x00000000d5580000, 0x00000000df600000, 0x0000000100000000)
  eden space 93696K, 100% used [0x00000000d5580000,0x00000000db100000,0x00000000db100000)
  from space 11776K, 0% used [0x00000000db100000,0x00000000db100000,0x00000000dbc80000)
  to   space 12288K, 0% used [0x00000000dea00000,0x00000000dea00000,0x00000000df600000)
 ParOldGen       total 108544K, used 17530K [0x0000000080000000, 0x0000000086a00000, 0x00000000d5580000)
  object space 108544K, 16% used [0x0000000080000000,0x000000008111eaf0,0x0000000086a00000)
 Metaspace       used 39214K, capacity 40792K, committed 40872K, reserved 1085440K
  class space    used 5403K, capacity 5766K, committed 5800K, reserved 1048576K
Event: 33.097 GC heap after
Heap after GC invocations=10 (full 2):
 PSYoungGen      total 134656K, used 9021K [0x00000000d5580000, 0x00000000df300000, 0x0000000100000000)
  eden space 125440K, 0% used [0x00000000d5580000,0x00000000d5580000,0x00000000dd000000)
  from space 9216K, 97% used [0x00000000dea00000,0x00000000df2cf7e0,0x00000000df300000)
  to   space 11776K, 0% used [0x00000000ddc00000,0x00000000ddc00000,0x00000000de780000)
 ParOldGen       total 108544K, used 17538K [0x0000000080000000, 0x0000000086a00000, 0x00000000d5580000)
  object space 108544K, 16% used [0x0000000080000000,0x0000000081120af0,0x0000000086a00000)
 Metaspace       used 39214K, capacity 40792K, committed 40872K, reserved 1085440K
  class space    used 5403K, capacity 5766K, committed 5800K, reserved 1048576K
}
Event: 40.486 GC heap before
{Heap before GC invocations=11 (full 2):
 PSYoungGen      total 134656K, used 134461K [0x00000000d5580000, 0x00000000df300000, 0x0000000100000000)
  eden space 125440K, 100% used [0x00000000d5580000,0x00000000dd000000,0x00000000dd000000)
  from space 9216K, 97% used [0x00000000dea00000,0x00000000df2cf7e0,0x00000000df300000)
  to   space 11776K, 0% used [0x00000000ddc00000,0x00000000ddc00000,0x00000000de780000)
 ParOldGen       total 108544K, used 17538K [0x0000000080000000, 0x0000000086a00000, 0x00000000d5580000)
  object space 108544K, 16% used [0x0000000080000000,0x0000000081120af0,0x0000000086a00000)
 Metaspace       used 50435K, capacity 52286K, committed 52520K, reserved 1095680K
  class space    used 6766K, capacity 7197K, committed 7208K, reserved 1048576K
Event: 40.564 GC heap after
Heap after GC invocations=11 (full 2):
 PSYoungGen      total 149504K, used 11748K [0x00000000d5580000, 0x00000000e0b80000, 0x0000000100000000)
  eden space 137728K, 0% used [0x00000000d5580000,0x00000000d5580000,0x00000000ddc00000)
  from space 11776K, 99% used [0x00000000ddc00000,0x00000000de7792f0,0x00000000de780000)
  to   space 16384K, 0% used [0x00000000dfb80000,0x00000000dfb80000,0x00000000e0b80000)
 ParOldGen       total 108544K, used 26110K [0x0000000080000000, 0x0000000086a00000, 0x00000000d5580000)
  object space 108544K, 24% used [0x0000000080000000,0x000000008197f970,0x0000000086a00000)
 Metaspace       used 50435K, capacity 52286K, committed 52520K, reserved 1095680K
  class space    used 6766K, capacity 7197K, committed 7208K, reserved 1048576K
}
Event: 44.074 GC heap before
{Heap before GC invocations=12 (full 2):
 PSYoungGen      total 149504K, used 91131K [0x00000000d5580000, 0x00000000e0b80000, 0x0000000100000000)
  eden space 137728K, 57% used [0x00000000d5580000,0x00000000da305bf8,0x00000000ddc00000)
  from space 11776K, 99% used [0x00000000ddc00000,0x00000000de7792f0,0x00000000de780000)
  to   space 16384K, 0% used [0x00000000dfb80000,0x00000000dfb80000,0x00000000e0b80000)
 ParOldGen       total 108544K, used 26110K [0x0000000080000000, 0x0000000086a00000, 0x00000000d5580000)
  object space 108544K, 24% used [0x0000000080000000,0x000000008197f970,0x0000000086a00000)
 Metaspace       used 57068K, capacity 59022K, committed 59160K, reserved 1099776K
  class space    used 7783K, capacity 8214K, committed 8232K, reserved 1048576K
Event: 44.109 GC heap after
Heap after GC invocations=12 (full 2):
 PSYoungGen      total 154112K, used 16381K [0x00000000d5580000, 0x00000000e0b80000, 0x0000000100000000)
  eden space 137728K, 0% used [0x00000000d5580000,0x00000000d5580000,0x00000000ddc00000)
  from space 16384K, 99% used [0x00000000dfb80000,0x00000000e0b7f4c0,0x00000000e0b80000)
  to   space 11776K, 0% used [0x00000000ddc00000,0x00000000ddc00000,0x00000000de780000)
 ParOldGen       total 108544K, used 29389K [0x0000000080000000, 0x0000000086a00000, 0x00000000d5580000)
  object space 108544K, 27% used [0x0000000080000000,0x0000000081cb3658,0x0000000086a00000)
 Metaspace       used 57068K, capacity 59022K, committed 59160K, reserved 1099776K
  class space    used 7783K, capacity 8214K, committed 8232K, reserved 1048576K
}
Event: 44.109 GC heap before
{Heap before GC invocations=13 (full 3):
 PSYoungGen      total 154112K, used 16381K [0x00000000d5580000, 0x00000000e0b80000, 0x0000000100000000)
  eden space 137728K, 0% used [0x00000000d5580000,0x00000000d5580000,0x00000000ddc00000)
  from space 16384K, 99% used [0x00000000dfb80000,0x00000000e0b7f4c0,0x00000000e0b80000)
  to   space 11776K, 0% used [0x00000000ddc00000,0x00000000ddc00000,0x00000000de780000)
 ParOldGen       total 108544K, used 29389K [0x0000000080000000, 0x0000000086a00000, 0x00000000d5580000)
  object space 108544K, 27% used [0x0000000080000000,0x0000000081cb3658,0x0000000086a00000)
 Metaspace       used 57068K, capacity 59022K, committed 59160K, reserved 1099776K
  class space    used 7783K, capacity 8214K, committed 8232K, reserved 1048576K
Event: 44.789 GC heap after
Heap after GC invocations=13 (full 3):
 PSYoungGen      total 154112K, used 0K [0x00000000d5580000, 0x00000000e0b80000, 0x0000000100000000)
  eden space 137728K, 0% used [0x00000000d5580000,0x00000000d5580000,0x00000000ddc00000)
  from space 16384K, 0% used [0x00000000dfb80000,0x00000000dfb80000,0x00000000e0b80000)
  to   space 11776K, 0% used [0x00000000ddc00000,0x00000000ddc00000,0x00000000de780000)
 ParOldGen       total 108544K, used 35920K [0x0000000080000000, 0x0000000086a00000, 0x00000000d5580000)
  object space 108544K, 33% used [0x0000000080000000,0x00000000823141c0,0x0000000086a00000)
 Metaspace       used 57061K, capacity 58998K, committed 59160K, reserved 1099776K
  class space    used 7781K, capacity 8210K, committed 8232K, reserved 1048576K
}

