# JRE version: OpenJDK Runtime Environment (8.0_242-b01) (build 1.8.0_242-release-1644-b01)
# Java VM: OpenJDK 64-Bit Server VM (25.242-b01 mixed mode windows-amd64 compressed oops)
Heap:
 PSYoungGen      total 203776K, used 127392K [0x00000000d5580000, 0x00000000e4b80000, 0x0000000100000000)
  eden space 186368K, 68% used [0x00000000d5580000,0x00000000dd1e8398,0x00000000e0b80000)
  from space 17408K, 0% used [0x00000000e1f00000,0x00000000e1f00000,0x00000000e3000000)
  to   space 19968K, 0% used [0x00000000e0b80000,0x00000000e0b80000,0x00000000e1f00000)
 ParOldGen       total 157184K, used 34382K [0x0000000080000000, 0x0000000089980000, 0x00000000d5580000)
  object space 157184K, 21% used [0x0000000080000000,0x0000000082193be0,0x0000000089980000)
 Metaspace       used 62245K, capacity 64448K, committed 64792K, reserved 1105920K
  class space    used 8431K, capacity 8895K, committed 8984K, reserved 1048576K
GC Heap History (10 events):
Event: 11.768 GC heap before
{Heap before GC invocations=9 (full 2):
 PSYoungGen      total 111104K, used 7742K [0x00000000d5580000, 0x00000000e0f80000, 0x0000000100000000)
  eden space 99328K, 0% used [0x00000000d5580000,0x00000000d5580000,0x00000000db680000)
  from space 11776K, 65% used [0x00000000db680000,0x00000000dbe0fab0,0x00000000dc200000)
  to   space 11264K, 0% used [0x00000000e0480000,0x00000000e0480000,0x00000000e0f80000)
 ParOldGen       total 104960K, used 7924K [0x0000000080000000, 0x0000000086680000, 0x00000000d5580000)
  object space 104960K, 7% used [0x0000000080000000,0x00000000807bd2d0,0x0000000086680000)
 Metaspace       used 34523K, capacity 35386K, committed 35496K, reserved 1079296K
  class space    used 4588K, capacity 4870K, committed 4912K, reserved 1048576K
Event: 11.859 GC heap after
Heap after GC invocations=9 (full 2):
 PSYoungGen      total 111104K, used 0K [0x00000000d5580000, 0x00000000e0f80000, 0x0000000100000000)
  eden space 99328K, 0% used [0x00000000d5580000,0x00000000d5580000,0x00000000db680000)
  from space 11776K, 0% used [0x00000000db680000,0x00000000db680000,0x00000000dc200000)
  to   space 11264K, 0% used [0x00000000e0480000,0x00000000e0480000,0x00000000e0f80000)
 ParOldGen       total 157184K, used 14935K [0x0000000080000000, 0x0000000089980000, 0x00000000d5580000)
  object space 157184K, 9% used [0x0000000080000000,0x0000000080e95eb8,0x0000000089980000)
 Metaspace       used 34511K, capacity 35370K, committed 35496K, reserved 1079296K
  class space    used 4584K, capacity 4866K, committed 4912K, reserved 1048576K
}
Event: 14.973 GC heap before
{Heap before GC invocations=10 (full 2):
 PSYoungGen      total 111104K, used 99328K [0x00000000d5580000, 0x00000000e0f80000, 0x0000000100000000)
  eden space 99328K, 100% used [0x00000000d5580000,0x00000000db680000,0x00000000db680000)
  from space 11776K, 0% used [0x00000000db680000,0x00000000db680000,0x00000000dc200000)
  to   space 11264K, 0% used [0x00000000e0480000,0x00000000e0480000,0x00000000e0f80000)
 ParOldGen       total 157184K, used 14935K [0x0000000080000000, 0x0000000089980000, 0x00000000d5580000)
  object space 157184K, 9% used [0x0000000080000000,0x0000000080e95eb8,0x0000000089980000)
 Metaspace       used 38847K, capacity 40058K, committed 40112K, reserved 1083392K
  class space    used 5239K, capacity 5526K, committed 5552K, reserved 1048576K
Event: 15.001 GC heap after
Heap after GC invocations=10 (full 2):
 PSYoungGen      total 158208K, used 8974K [0x00000000d5580000, 0x00000000e0d80000, 0x0000000100000000)
  eden space 148992K, 0% used [0x00000000d5580000,0x00000000d5580000,0x00000000de700000)
  from space 9216K, 97% used [0x00000000e0480000,0x00000000e0d43ba8,0x00000000e0d80000)
  to   space 11264K, 0% used [0x00000000df780000,0x00000000df780000,0x00000000e0280000)
 ParOldGen       total 157184K, used 14935K [0x0000000080000000, 0x0000000089980000, 0x00000000d5580000)
  object space 157184K, 9% used [0x0000000080000000,0x0000000080e95eb8,0x0000000089980000)
 Metaspace       used 38847K, capacity 40058K, committed 40112K, reserved 1083392K
  class space    used 5239K, capacity 5526K, committed 5552K, reserved 1048576K
}
Event: 23.503 GC heap before
{Heap before GC invocations=11 (full 2):
 PSYoungGen      total 158208K, used 157966K [0x00000000d5580000, 0x00000000e0d80000, 0x0000000100000000)
  eden space 148992K, 100% used [0x00000000d5580000,0x00000000de700000,0x00000000de700000)
  from space 9216K, 97% used [0x00000000e0480000,0x00000000e0d43ba8,0x00000000e0d80000)
  to   space 11264K, 0% used [0x00000000df780000,0x00000000df780000,0x00000000e0280000)
 ParOldGen       total 157184K, used 14935K [0x0000000080000000, 0x0000000089980000, 0x00000000d5580000)
  object space 157184K, 9% used [0x0000000080000000,0x0000000080e95eb8,0x0000000089980000)
 Metaspace       used 51201K, capacity 52938K, committed 53040K, reserved 1095680K
  class space    used 6797K, capacity 7158K, committed 7216K, reserved 1048576K
Event: 23.531 GC heap after
Heap after GC invocations=11 (full 2):
 PSYoungGen      total 177152K, used 11248K [0x00000000d5580000, 0x00000000e3000000, 0x0000000100000000)
  eden space 165888K, 0% used [0x00000000d5580000,0x00000000d5580000,0x00000000df780000)
  from space 11264K, 99% used [0x00000000df780000,0x00000000e027c040,0x00000000e0280000)
  to   space 17408K, 0% used [0x00000000e1f00000,0x00000000e1f00000,0x00000000e3000000)
 ParOldGen       total 157184K, used 27593K [0x0000000080000000, 0x0000000089980000, 0x00000000d5580000)
  object space 157184K, 17% used [0x0000000080000000,0x0000000081af2510,0x0000000089980000)
 Metaspace       used 51201K, capacity 52938K, committed 53040K, reserved 1095680K
  class space    used 6797K, capacity 7158K, committed 7216K, reserved 1048576K
}
Event: 25.292 GC heap before
{Heap before GC invocations=12 (full 2):
 PSYoungGen      total 177152K, used 68966K [0x00000000d5580000, 0x00000000e3000000, 0x0000000100000000)
  eden space 165888K, 34% used [0x00000000d5580000,0x00000000d8ddd938,0x00000000df780000)
  from space 11264K, 99% used [0x00000000df780000,0x00000000e027c040,0x00000000e0280000)
  to   space 17408K, 0% used [0x00000000e1f00000,0x00000000e1f00000,0x00000000e3000000)
 ParOldGen       total 157184K, used 27593K [0x0000000080000000, 0x0000000089980000, 0x00000000d5580000)
  object space 157184K, 17% used [0x0000000080000000,0x0000000081af2510,0x0000000089980000)
 Metaspace       used 56903K, capacity 59014K, committed 59160K, reserved 1099776K
  class space    used 7631K, capacity 8119K, committed 8216K, reserved 1048576K
Event: 25.318 GC heap after
Heap after GC invocations=12 (full 2):
 PSYoungGen      total 203776K, used 17376K [0x00000000d5580000, 0x00000000e4b80000, 0x0000000100000000)
  eden space 186368K, 0% used [0x00000000d5580000,0x00000000d5580000,0x00000000e0b80000)
  from space 17408K, 99% used [0x00000000e1f00000,0x00000000e2ff8128,0x00000000e3000000)
  to   space 19968K, 0% used [0x00000000e0b80000,0x00000000e0b80000,0x00000000e1f00000)
 ParOldGen       total 157184K, used 29075K [0x0000000080000000, 0x0000000089980000, 0x00000000d5580000)
  object space 157184K, 18% used [0x0000000080000000,0x0000000081c64fc8,0x0000000089980000)
 Metaspace       used 56903K, capacity 59014K, committed 59160K, reserved 1099776K
  class space    used 7631K, capacity 8119K, committed 8216K, reserved 1048576K
}
Event: 25.318 GC heap before
{Heap before GC invocations=13 (full 3):
 PSYoungGen      total 203776K, used 17376K [0x00000000d5580000, 0x00000000e4b80000, 0x0000000100000000)
  eden space 186368K, 0% used [0x00000000d5580000,0x00000000d5580000,0x00000000e0b80000)
  from space 17408K, 99% used [0x00000000e1f00000,0x00000000e2ff8128,0x00000000e3000000)
  to   space 19968K, 0% used [0x00000000e0b80000,0x00000000e0b80000,0x00000000e1f00000)
 ParOldGen       total 157184K, used 29075K [0x0000000080000000, 0x0000000089980000, 0x00000000d5580000)
  object space 157184K, 18% used [0x0000000080000000,0x0000000081c64fc8,0x0000000089980000)
 Metaspace       used 56903K, capacity 59014K, committed 59160K, reserved 1099776K
  class space    used 7631K, capacity 8119K, committed 8216K, reserved 1048576K
Event: 25.787 GC heap after
Heap after GC invocations=13 (full 3):
 PSYoungGen      total 203776K, used 0K [0x00000000d5580000, 0x00000000e4b80000, 0x0000000100000000)
  eden space 186368K, 0% used [0x00000000d5580000,0x00000000d5580000,0x00000000e0b80000)
  from space 17408K, 0% used [0x00000000e1f00000,0x00000000e1f00000,0x00000000e3000000)
  to   space 19968K, 0% used [0x00000000e0b80000,0x00000000e0b80000,0x00000000e1f00000)
 ParOldGen       total 157184K, used 34382K [0x0000000080000000, 0x0000000089980000, 0x00000000d5580000)
  object space 157184K, 21% used [0x0000000080000000,0x0000000082193be0,0x0000000089980000)
 Metaspace       used 56851K, capacity 58866K, committed 59160K, reserved 1099776K
  class space    used 7619K, capacity 8101K, committed 8216K, reserved 1048576K
}

